{"/Users/Admin/workspace/node/playground/CLI/01/lib/dice.js":{"path":"/Users/Admin/workspace/node/playground/CLI/01/lib/dice.js","s":{"1":1,"2":1,"3":1,"4":1,"5":1,"6":2,"7":1,"8":1,"9":3,"10":1},"b":{},"f":{},"fnMap":{},"statementMap":{"1":{"start":{"line":3,"column":0},"end":{"line":3,"column":39}},"2":{"start":{"line":5,"column":0},"end":{"line":9,"column":1}},"3":{"start":{"line":8,"column":2},"end":{"line":8,"column":21}},"4":{"start":{"line":11,"column":0},"end":{"line":19,"column":1}},"5":{"start":{"line":13,"column":1},"end":{"line":13,"column":60}},"6":{"start":{"line":13,"column":55},"end":{"line":13,"column":59}},"7":{"start":{"line":14,"column":2},"end":{"line":14,"column":16}},"8":{"start":{"line":15,"column":2},"end":{"line":17,"column":3}},"9":{"start":{"line":16,"column":3},"end":{"line":16,"column":31}},"10":{"start":{"line":18,"column":2},"end":{"line":18,"column":14}}},"branchMap":{}},"/Users/Admin/workspace/node/playground/CLI/01/lib/math.js":{"path":"/Users/Admin/workspace/node/playground/CLI/01/lib/math.js","s":{"1":1,"2":4},"b":{},"f":{},"fnMap":{},"statementMap":{"1":{"start":{"line":3,"column":0},"end":{"line":9,"column":2}},"2":{"start":{"line":4,"column":2},"end":{"line":8,"column":3}}},"branchMap":{}},"/Users/Admin/workspace/node/playground/CLI/01/lib/parse-args.js":{"path":"/Users/Admin/workspace/node/playground/CLI/01/lib/parse-args.js","s":{"1":1,"2":3,"3":3,"4":1,"5":1,"6":1,"7":1,"8":1,"9":1,"10":1,"11":1,"12":3},"b":{"1":[1,1,1]},"f":{},"fnMap":{},"statementMap":{"1":{"start":{"line":3,"column":0},"end":{"line":20,"column":1}},"2":{"start":{"line":4,"column":1},"end":{"line":4,"column":17}},"3":{"start":{"line":6,"column":1},"end":{"line":18,"column":2}},"4":{"start":{"line":8,"column":3},"end":{"line":8,"column":12}},"5":{"start":{"line":9,"column":3},"end":{"line":9,"column":18}},"6":{"start":{"line":10,"column":3},"end":{"line":10,"column":8}},"7":{"start":{"line":12,"column":3},"end":{"line":12,"column":18}},"8":{"start":{"line":13,"column":3},"end":{"line":13,"column":18}},"9":{"start":{"line":14,"column":3},"end":{"line":14,"column":8}},"10":{"start":{"line":16,"column":3},"end":{"line":16,"column":12}},"11":{"start":{"line":17,"column":3},"end":{"line":17,"column":12}},"12":{"start":{"line":19,"column":1},"end":{"line":19,"column":23}}},"branchMap":{"1":{"line":6,"type":"switch","locations":[{"start":{"line":7,"column":2},"end":{"line":10,"column":8}},{"start":{"line":11,"column":2},"end":{"line":14,"column":8}},{"start":{"line":15,"column":2},"end":{"line":17,"column":12}}]}}}}