TN:
SF:/Users/Admin/workspace/node/playground/CLI/01/lib/dice.js
FNF:0
FNH:0
DA:3,1
DA:5,1
DA:8,1
DA:11,1
DA:13,2
DA:14,1
DA:15,1
DA:16,3
DA:18,1
LF:9
LH:9
BRF:0
BRH:0
end_of_record
TN:
SF:/Users/Admin/workspace/node/playground/CLI/01/lib/math.js
FNF:0
FNH:0
DA:3,1
DA:4,4
LF:2
LH:2
BRF:0
BRH:0
end_of_record
TN:
SF:/Users/Admin/workspace/node/playground/CLI/01/lib/parse-args.js
FNF:0
FNH:0
DA:3,1
DA:4,3
DA:6,3
DA:8,1
DA:9,1
DA:10,1
DA:12,1
DA:13,1
DA:14,1
DA:16,1
DA:17,1
DA:19,3
LF:12
LH:12
BRDA:6,1,0,1
BRDA:6,1,1,1
BRDA:6,1,2,1
BRF:3
BRH:3
end_of_record
